<?xml version="1.0" encoding="UTF-8"?>
<!-- Generated by org.testng.reporters.JUnitReportReporter -->
<testsuite hostname="WSHYD-076" failures="0" tests="1" name="Demo.Expleo.ExtentReportsClass" time="5.758" errors="0" timestamp="12 Oct 2021 13:54:36 GMT">
  <testcase classname="Demo.Expleo.ExtentReportsClass" name="verifyTitle" time="5.758"/>
</testsuite> <!-- Demo.Expleo.ExtentReportsClass -->
