<?xml version="1.0" encoding="UTF-8"?>
<!-- Generated by org.testng.reporters.JUnitReportReporter -->
<testsuite hostname="WSHYD-076" failures="0" tests="10" name="Demo.Expleo.VerifyPage" time="64.484" errors="0" timestamp="12 Oct 2021 13:57:18 GMT">
  <testcase classname="Demo.Expleo.VerifyPage" name="verifyGreenButton" time="6.805"/>
  <testcase classname="Demo.Expleo.VerifyPage" name="verifyTitle" time="6.061"/>
  <testcase classname="Demo.Expleo.VerifyPage" name="verifyBlueButton" time="5.736"/>
  <testcase classname="Demo.Expleo.VerifyPage" name="verifyRedButton" time="6.617"/>
  <testcase classname="Demo.Expleo.VerifyPage" name="verifyTableRows" time="5.552"/>
  <testcase classname="Demo.Expleo.VerifyPage" name="verifyblueColor" time="6.770"/>
  <testcase classname="Demo.Expleo.VerifyPage" name="verifyTabledata" time="6.542"/>
  <testcase classname="Demo.Expleo.VerifyPage" name="verifyTableColumns" time="6.768"/>
  <testcase classname="Demo.Expleo.VerifyPage" name="verifyRedColor" time="6.083"/>
  <testcase classname="Demo.Expleo.VerifyPage" name="verifyGreenColor" time="7.550"/>
</testsuite> <!-- Demo.Expleo.VerifyPage -->
